[debug] [2019-03-10T17:44:39.721Z] ----------------------------------------------------------------------
[debug] [2019-03-10T17:44:39.724Z] Command:       C:\Program Files\nodejs\node.exe C:\Users\jlouis\AppData\Roaming\npm\node_modules\firebase-tools\lib\bin\firebase.js serve
[debug] [2019-03-10T17:44:39.724Z] CLI Version:   6.4.0
[debug] [2019-03-10T17:44:39.724Z] Platform:      win32
[debug] [2019-03-10T17:44:39.724Z] Node Version:  v10.6.0
[debug] [2019-03-10T17:44:39.725Z] Time:          Sun Mar 10 2019 18:44:39 GMT+0100 (Central European Standard Time)
[debug] [2019-03-10T17:44:39.725Z] ----------------------------------------------------------------------
[debug] 
[debug] [2019-03-10T17:44:39.733Z] > command requires scopes: ["email","openid","https://www.googleapis.com/auth/cloudplatformprojects.readonly","https://www.googleapis.com/auth/firebase","https://www.googleapis.com/auth/cloud-platform"]
[debug] [2019-03-10T17:44:39.734Z] > authorizing via signed-in user
[debug] [2019-03-10T17:44:39.734Z] [iam] checking project angular-user-test for permissions ["firebase.projects.get"]
[debug] [2019-03-10T17:44:39.736Z] >>> HTTP REQUEST POST https://cloudresourcemanager.googleapis.com/v1/projects/angular-user-test:testIamPermissions  

[debug] [2019-03-10T17:44:40.524Z] <<< HTTP RESPONSE 200
[debug] [2019-03-10T17:44:40.530Z] >>> HTTP REQUEST GET https://cloudresourcemanager.googleapis.com/v1/projects/angular-user-test  
 
[debug] [2019-03-10T17:44:41.274Z] <<< HTTP RESPONSE 200
[info] 
[info] === Serving from 'D:\repos\angular-user'...
[info] 
[info] i  functions: Preparing to emulate functions.
[debug] [2019-03-10T17:44:41.903Z] Fetching environment
[debug] [2019-03-10T17:44:41.906Z] >>> HTTP REQUEST GET https://mobilesdk-pa.googleapis.com/v1/projects/1068906809055:getServerAppConfig  
 
[debug] [2019-03-10T17:44:41.906Z] >>> HTTP REQUEST GET https://mobilesdk-pa.googleapis.com/v1/projects/1068906809055/clients/_:getWebAppConfig  
 
[debug] [2019-03-10T17:44:42.140Z] <<< HTTP RESPONSE 200
[debug] [2019-03-10T17:44:42.141Z] Starting @google-cloud/functions-emulator
[debug] [2019-03-10T17:44:42.236Z] <<< HTTP RESPONSE 200
[info] i  hosting: Serving hosting files from: dist/ssr
[info] +  hosting: Local server: http://localhost:5000
[debug] [2019-03-10T17:44:43.717Z] Parsing function triggers
[info] +  functions: ssr: http://localhost:5001/angular-user-test/us-central1/ssr
[info] [hosting] Rewriting / to local function ssr
[info] [hosting] Rewriting / to local function ssr
[info] [hosting] Rewriting / to local function ssr
[info] [hosting] Rewriting / to local function ssr
[info] [hosting] Rewriting / to local function ssr
[info] [hosting] Rewriting / to local function ssr
[info] [hosting] Rewriting / to local function ssr
